RUN	com.gatling.tests.AddAndUpdateItem	addandupdateitem	1675888211204	0	3.6.1
USER	Users1	START	1675888212139
USER	Users2	START	1675888212139
REQUEST		Home Page	1675888212184	1675888212218	OK	 
REQUEST		Home Page	1675888212184	1675888212248	OK	 
USER	Users1	START	1675888213129
REQUEST		Home Page	1675888213131	1675888213156	OK	 
USER	Users2	START	1675888214118
REQUEST		Home Page	1675888214119	1675888214147	OK	 
USER	Users1	START	1675888215125
REQUEST		Home Page	1675888215126	1675888215148	OK	 
REQUEST		Add Item to Cart	1675888215334	1675888215338	OK	 
REQUEST		Add Item to Cart	1675888215334	1675888215337	OK	 
REQUEST		Add Item to Cart Redirect 1	1675888215344	1675888215366	OK	 
REQUEST		Add Item to Cart Redirect 2	1675888215367	1675888215391	OK	 
REQUEST		Add Item to Cart Redirect 1	1675888215344	1675888215400	OK	 
REQUEST		Add Item to Cart Redirect 2	1675888215401	1675888215422	OK	 
REQUEST		Add Item to Cart	1675888216162	1675888216165	OK	 
REQUEST		Add Item to Cart Redirect 1	1675888216166	1675888216183	OK	 
REQUEST		Add Item to Cart Redirect 2	1675888216183	1675888216203	OK	 
USER	Users1	START	1675888217128
USER	Users2	START	1675888217128
REQUEST		Home Page	1675888217128	1675888217149	OK	 
REQUEST		Home Page	1675888217128	1675888217154	OK	 
REQUEST		Add Item to Cart	1675888217158	1675888217161	OK	 
REQUEST		Add Item to Cart Redirect 1	1675888217161	1675888217176	OK	 
REQUEST		Add Item to Cart Redirect 2	1675888217176	1675888217196	OK	 
REQUEST		View Cart	1675888217411	1675888217414	OK	 
REQUEST		View Cart	1675888217426	1675888217429	OK	 
REQUEST		View Cart Redirect 1	1675888217415	1675888217432	OK	 
REQUEST		View Cart Redirect 1	1675888217430	1675888217444	OK	 
REQUEST		View Cart Redirect 2	1675888217432	1675888217453	OK	 
REQUEST		View Cart Redirect 2	1675888217445	1675888217465	OK	 
USER	Users1	START	1675888218126
REQUEST		Home Page	1675888218126	1675888218148	OK	 
REQUEST		Add Item to Cart	1675888218157	1675888218160	OK	 
REQUEST		Add Item to Cart Redirect 1	1675888218160	1675888218175	OK	 
REQUEST		Add Item to Cart Redirect 2	1675888218176	1675888218195	OK	 
REQUEST		View Cart	1675888218218	1675888218221	OK	 
REQUEST		View Cart Redirect 1	1675888218222	1675888218235	OK	 
REQUEST		View Cart Redirect 2	1675888218235	1675888218254	OK	 
USER	Users2	START	1675888219126
REQUEST		Home Page	1675888219126	1675888219148	OK	 
REQUEST		View Cart	1675888219202	1675888219204	OK	 
REQUEST		View Cart Redirect 1	1675888219205	1675888219218	OK	 
REQUEST		View Cart Redirect 2	1675888219218	1675888219237	OK	 
USER	Users1	START	1675888220118
REQUEST		Home Page	1675888220119	1675888220140	OK	 
REQUEST		Add Item to Cart	1675888220163	1675888220166	OK	 
REQUEST		Add Item to Cart	1675888220163	1675888220166	OK	 
REQUEST		Add Item to Cart Redirect 1	1675888220166	1675888220180	OK	 
REQUEST		Add Item to Cart Redirect 1	1675888220166	1675888220180	OK	 
REQUEST		Add Item to Cart Redirect 2	1675888220180	1675888220203	OK	 
REQUEST		Add Item to Cart Redirect 2	1675888220180	1675888220211	OK	 
REQUEST		View Cart	1675888220209	1675888220211	OK	 
REQUEST		View Cart Redirect 1	1675888220217	1675888220230	OK	 
REQUEST		View Cart Redirect 2	1675888220230	1675888220250	OK	 
USER	Users1	END	1675888220457
REQUEST		Update Cart	1675888220471	1675888220475	OK	 
REQUEST		Update Cart Redirect 1	1675888220476	1675888220489	OK	 
REQUEST		Update Cart Redirect 2	1675888220490	1675888220510	OK	 
REQUEST		Add Item to Cart	1675888221155	1675888221157	OK	 
REQUEST		Add Item to Cart Redirect 1	1675888221158	1675888221171	OK	 
REQUEST		Add Item to Cart Redirect 2	1675888221171	1675888221190	OK	 
USER	Users1	END	1675888221266
REQUEST		Add Item to Cart	1675888222151	1675888222157	OK	 
REQUEST		Add Item to Cart Redirect 1	1675888222158	1675888222172	OK	 
REQUEST		Add Item to Cart Redirect 2	1675888222172	1675888222191	OK	 
REQUEST		View Cart	1675888222212	1675888222215	OK	 
REQUEST		View Cart Redirect 1	1675888222216	1675888222232	OK	 
REQUEST		View Cart	1675888222228	1675888222232	OK	 
REQUEST		View Cart Redirect 1	1675888222232	1675888222244	OK	 
REQUEST		Update Cart	1675888222243	1675888222245	OK	 
REQUEST		View Cart Redirect 2	1675888222232	1675888222252	OK	 
REQUEST		Update Cart Redirect 1	1675888222246	1675888222265	OK	 
REQUEST		View Cart Redirect 2	1675888222244	1675888222267	OK	 
REQUEST		Update Cart Redirect 2	1675888222265	1675888222286	OK	 
REQUEST		Add Item to Cart	1675888223144	1675888223146	OK	 
REQUEST		Add Item to Cart Redirect 1	1675888223147	1675888223161	OK	 
REQUEST		Add Item to Cart Redirect 2	1675888223162	1675888223182	OK	 
REQUEST		View Cart	1675888223206	1675888223209	OK	 
REQUEST		View Cart Redirect 1	1675888223209	1675888223222	OK	 
REQUEST		View Cart Redirect 2	1675888223223	1675888223240	OK	 
USER	Users1	END	1675888223253
REQUEST		Home Page	1675888223517	1675888223533	OK	 
REQUEST		View Cart	1675888224197	1675888224200	OK	 
REQUEST		View Cart Redirect 1	1675888224200	1675888224213	OK	 
REQUEST		View Cart Redirect 2	1675888224213	1675888224231	OK	 
USER	Users2	END	1675888224539
REQUEST		View Cart	1675888225193	1675888225198	OK	 
REQUEST		View Cart Redirect 1	1675888225198	1675888225212	OK	 
REQUEST		View Cart Redirect 2	1675888225212	1675888225230	OK	 
USER	Users1	END	1675888225269
REQUEST		Update Cart	1675888225269	1675888225271	OK	 
REQUEST		Update Cart Redirect 1	1675888225272	1675888225285	OK	 
REQUEST		Update Cart Redirect 2	1675888225285	1675888225306	OK	 
REQUEST		Home Page	1675888225300	1675888225317	OK	 
USER	Users1	END	1675888226248
USER	Users2	END	1675888226326
REQUEST		Update Cart	1675888227241	1675888227245	OK	 
REQUEST		Update Cart Redirect 1	1675888227246	1675888227262	OK	 
REQUEST		Update Cart Redirect 2	1675888227262	1675888227280	OK	 
USER	Users1	END	1675888228237
REQUEST		Home Page	1675888228314	1675888228335	OK	 
USER	Users2	END	1675888229343
REQUEST		Home Page	1675888230288	1675888230314	OK	 
USER	Users2	END	1675888231316
